#
# There is insufficient memory for the Java Runtime Environment to continue.
# Native memory allocation (malloc) failed to allocate 32744 bytes. Error detail: ChunkPool::allocate
# Possible reasons:
#   The system is out of physical RAM or swap space
#   This process is running with CompressedOops enabled, and the Java Heap may be blocking the growth of the native heap
# Possible solutions:
#   Reduce memory load on the system
#   Increase physical memory or swap space
#   Check if swap backing store is full
#   Decrease Java heap size (-Xmx/-Xms)
#   Decrease number of Java threads
#   Decrease Java thread stack sizes (-Xss)
#   Set larger code cache with -XX:ReservedCodeCacheSize=
#   JVM is running with Unscaled Compressed Oops mode in which the Java heap is
#     placed in the first 4GB address space. The Java Heap base address is the
#     maximum limit for the native heap growth. Please use -XX:HeapBaseMinAddress
#     to set the Java Heap base and to place the Java Heap above 4GB virtual address.
# This output file may be truncated or incomplete.
#
#  Out of Memory Error (arena.cpp:79), pid=12184, tid=6252
#
# JRE version: OpenJDK Runtime Environment Temurin-17.0.11+9 (17.0.11+9) (build 17.0.11+9)
# Java VM: OpenJDK 64-Bit Server VM Temurin-17.0.11+9 (17.0.11+9, mixed mode, tiered, compressed oops, compressed class ptrs, parallel gc, windows-amd64)
# No core dump will be written. Minidumps are not enabled by default on client versions of Windows
#

---------------  S U M M A R Y ------------

Command Line: --add-modules=ALL-SYSTEM --add-opens=java.base/java.util=ALL-UNNAMED --add-opens=java.base/java.lang=ALL-UNNAMED --add-opens=java.base/sun.nio.fs=ALL-UNNAMED -Declipse.application=org.eclipse.jdt.ls.core.id1 -Dosgi.bundles.defaultStartLevel=4 -Declipse.product=org.eclipse.jdt.ls.core.product -Djava.import.generatesMetadataFilesAtProjectRoot=false -DDetectVMInstallationsJob.disabled=true -Dfile.encoding=utf8 -XX:+UseParallelGC -XX:GCTimeRatio=4 -XX:AdaptiveSizePolicyWeight=90 -Dsun.zip.disableMemoryMapping=true -Xmx1G -Xms100m -Xlog:disable -javaagent:c:\Users\Admin\.vscode\extensions\redhat.java-1.32.0-win32-x64\lombok\lombok-1.18.33.jar c:\Users\Admin\.vscode\extensions\redhat.java-1.32.0-win32-x64\server\plugins\org.eclipse.equinox.launcher_1.6.900.v20240613-2009.jar -configuration c:\Users\Admin\AppData\Roaming\Code\User\globalStorage\redhat.java\1.32.0\config_ss_win -data c:\Users\Admin\AppData\Roaming\Code\User\workspaceStorage\7248878d6e02e564ab3fd167a2c9b091\redhat.java\ss_ws --pipe=\\.\pipe\lsp-b0b44bea5b2ebeefaacdeddb99383b94-sock

Host: Intel(R) Core(TM) i5-5300U CPU @ 2.30GHz, 4 cores, 7G,  Windows 10 , 64 bit Build 19041 (10.0.19041.4597)
Time: Tue Jul  2 19:26:14 2024 India Standard Time elapsed time: 7.327700 seconds (0d 0h 0m 7s)

---------------  T H R E A D  ---------------

Current thread (0x0000022e2fcd1650):  JavaThread "C2 CompilerThread1" daemon [_thread_in_native, id=6252, stack(0x000000aeb4f00000,0x000000aeb5000000)]


Current CompileTask:
C2:   7327 2449       4       jdk.internal.module.SystemModuleFinders$SystemModuleReader::containsImageLocation (42 bytes)

Stack: [0x000000aeb4f00000,0x000000aeb5000000]
Native frames: (J=compiled Java code, j=interpreted, Vv=VM code, C=native code)
V  [jvm.dll+0x67d429]
V  [jvm.dll+0x834b7a]
V  [jvm.dll+0x83663e]
V  [jvm.dll+0x836ca3]
V  [jvm.dll+0x247dbf]
V  [jvm.dll+0xac731]
V  [jvm.dll+0xacb7c]
V  [jvm.dll+0x11f278]
V  [jvm.dll+0x6a6dc9]
V  [jvm.dll+0x1bd33e]
V  [jvm.dll+0x21a5c9]
V  [jvm.dll+0x2198b1]
V  [jvm.dll+0x1a534d]
V  [jvm.dll+0x2295cd]
V  [jvm.dll+0x22779c]
V  [jvm.dll+0x7e9d07]
V  [jvm.dll+0x7e410a]
V  [jvm.dll+0x67c315]
C  [ucrtbase.dll+0x21bb2]
C  [KERNEL32.DLL+0x17374]
C  [ntdll.dll+0x4cc91]


---------------  P R O C E S S  ---------------

Threads class SMR info:
_java_thread_list=0x0000022e2f4b4030, length=21, elements={
0x0000022e1373ef10, 0x0000022e294a1740, 0x0000022e294a3ff0, 0x0000022e294cd160,
0x0000022e294cdfe0, 0x0000022e294cf160, 0x0000022e294d0b30, 0x0000022e294d1820,
0x0000022e294fc290, 0x0000022e2e68af60, 0x0000022e2e73a030, 0x0000022e2e8b0c30,
0x0000022e2ee75780, 0x0000022e2ef20e00, 0x0000022e2f1843d0, 0x0000022e2ef7e200,
0x0000022e2f082890, 0x0000022e2f4235e0, 0x0000022e2f423af0, 0x0000022e2f424000,
0x0000022e2fcd1650
}

Java Threads: ( => current thread )
  0x0000022e1373ef10 JavaThread "main" [_thread_blocked, id=4120, stack(0x000000aeb3500000,0x000000aeb3600000)]
  0x0000022e294a1740 JavaThread "Reference Handler" daemon [_thread_blocked, id=10904, stack(0x000000aeb3800000,0x000000aeb3900000)]
  0x0000022e294a3ff0 JavaThread "Finalizer" daemon [_thread_blocked, id=10092, stack(0x000000aeb3900000,0x000000aeb3a00000)]
  0x0000022e294cd160 JavaThread "Signal Dispatcher" daemon [_thread_blocked, id=6116, stack(0x000000aeb3a00000,0x000000aeb3b00000)]
  0x0000022e294cdfe0 JavaThread "Attach Listener" daemon [_thread_blocked, id=8176, stack(0x000000aeb3b00000,0x000000aeb3c00000)]
  0x0000022e294cf160 JavaThread "Service Thread" daemon [_thread_blocked, id=5780, stack(0x000000aeb3c00000,0x000000aeb3d00000)]
  0x0000022e294d0b30 JavaThread "Monitor Deflation Thread" daemon [_thread_blocked, id=4824, stack(0x000000aeb3d00000,0x000000aeb3e00000)]
  0x0000022e294d1820 JavaThread "C2 CompilerThread0" daemon [_thread_in_native, id=10712, stack(0x000000aeb3e00000,0x000000aeb3f00000)]
  0x0000022e294fc290 JavaThread "C1 CompilerThread0" daemon [_thread_in_native, id=13268, stack(0x000000aeb3f00000,0x000000aeb4000000)]
  0x0000022e2e68af60 JavaThread "Sweeper thread" daemon [_thread_blocked, id=7472, stack(0x000000aeb4000000,0x000000aeb4100000)]
  0x0000022e2e73a030 JavaThread "Common-Cleaner" daemon [_thread_blocked, id=12044, stack(0x000000aeb4100000,0x000000aeb4200000)]
  0x0000022e2e8b0c30 JavaThread "Notification Thread" daemon [_thread_blocked, id=9732, stack(0x000000aeb4200000,0x000000aeb4300000)]
  0x0000022e2ee75780 JavaThread "Active Thread: Equinox Container: 42a3c701-5176-4be6-b161-3a9157ba4a39" [_thread_blocked, id=984, stack(0x000000aeb4800000,0x000000aeb4900000)]
  0x0000022e2ef20e00 JavaThread "Framework Event Dispatcher: Equinox Container: 42a3c701-5176-4be6-b161-3a9157ba4a39" daemon [_thread_blocked, id=7180, stack(0x000000aeb4900000,0x000000aeb4a00000)]
  0x0000022e2f1843d0 JavaThread "Start Level: Equinox Container: 42a3c701-5176-4be6-b161-3a9157ba4a39" daemon [_thread_blocked, id=2944, stack(0x000000aeb4a00000,0x000000aeb4b00000)]
  0x0000022e2ef7e200 JavaThread "SCR Component Actor" daemon [_thread_blocked, id=11380, stack(0x000000aeb4b00000,0x000000aeb4c00000)]
  0x0000022e2f082890 JavaThread "SCR Component Registry" daemon [_thread_blocked, id=2044, stack(0x000000aeb4700000,0x000000aeb4800000)]
  0x0000022e2f4235e0 JavaThread "Worker-JM" [_thread_blocked, id=716, stack(0x000000aeb4d00000,0x000000aeb4e00000)]
  0x0000022e2f423af0 JavaThread "Worker-0" [_thread_blocked, id=7548, stack(0x000000aeb4c00000,0x000000aeb4d00000)]
  0x0000022e2f424000 JavaThread "Worker-1" [_thread_blocked, id=11604, stack(0x000000aeb4e00000,0x000000aeb4f00000)]
=>0x0000022e2fcd1650 JavaThread "C2 CompilerThread1" daemon [_thread_in_native, id=6252, stack(0x000000aeb4f00000,0x000000aeb5000000)]

Other Threads:
  0x0000022e2948c1b0 VMThread "VM Thread" [stack: 0x000000aeb3700000,0x000000aeb3800000] [id=12612]
  0x0000022e2e95c870 WatcherThread [stack: 0x000000aeb4300000,0x000000aeb4400000] [id=5328]
  0x0000022e13755ba0 GCTaskThread "GC Thread#0" [stack: 0x000000aeb3600000,0x000000aeb3700000] [id=9204]
  0x0000022e2ea9ce30 GCTaskThread "GC Thread#1" [stack: 0x000000aeb4400000,0x000000aeb4500000] [id=9180]
  0x0000022e2ee06790 GCTaskThread "GC Thread#2" [stack: 0x000000aeb4500000,0x000000aeb4600000] [id=8476]
  0x0000022e2ee06a50 GCTaskThread "GC Thread#3" [stack: 0x000000aeb4600000,0x000000aeb4700000] [id=3024]

Threads with active compile tasks:
C2 CompilerThread0     7364 2343       4       org.lombokweb.asm.ClassReader::readMethod (1066 bytes)
C2 CompilerThread1     7364 2449       4       jdk.internal.module.SystemModuleFinders$SystemModuleReader::containsImageLocation (42 bytes)

VM state: not at safepoint (normal execution)

VM Mutex/Monitor currently owned by a thread: None

Heap address: 0x00000000c0000000, size: 1024 MB, Compressed Oops mode: 32-bit

CDS archive(s) not mapped
Compressed class space mapped at: 0x0000000100000000-0x0000000140000000, reserved size: 1073741824
Narrow klass base: 0x0000000000000000, Narrow klass shift: 3, Narrow klass range: 0x140000000

GC Precious Log:
 CPUs: 4 total, 4 available
 Memory: 8067M
 Large Page Support: Disabled
 NUMA Support: Disabled
 Compressed Oops: Enabled (32-bit)
 Alignments: Space 512K, Generation 512K, Heap 2M
 Heap Min Capacity: 100M
 Heap Initial Capacity: 100M
 Heap Max Capacity: 1G
 Pre-touch: Disabled
 Parallel Workers: 4

Heap:
 PSYoungGen      total 27136K, used 12381K [0x00000000eab00000, 0x00000000ec900000, 0x0000000100000000)
  eden space 24576K, 40% used [0x00000000eab00000,0x00000000eb4a12d8,0x00000000ec300000)
  from space 2560K, 98% used [0x00000000ec600000,0x00000000ec8761f8,0x00000000ec880000)
  to   space 3072K, 0% used [0x00000000ec300000,0x00000000ec300000,0x00000000ec600000)
 ParOldGen       total 68608K, used 6720K [0x00000000c0000000, 0x00000000c4300000, 0x00000000eab00000)
  object space 68608K, 9% used [0x00000000c0000000,0x00000000c0690108,0x00000000c4300000)
 Metaspace       used 27455K, committed 28032K, reserved 1114112K
  class space    used 2626K, committed 2880K, reserved 1048576K

Card table byte_map: [0x0000022e26d70000,0x0000022e26f80000] _byte_map_base: 0x0000022e26770000

Marking Bits: (ParMarkBitMap*) 0x00007fff9997d820
 Begin Bits: [0x0000022e270e0000, 0x0000022e280e0000)
 End Bits:   [0x0000022e280e0000, 0x0000022e290e0000)

Polling page: 0x0000022e135c0000

Metaspace:

Usage:
  Non-class:     24.25 MB used.
      Class:      2.56 MB used.
       Both:     26.81 MB used.

Virtual space:
  Non-class space:       64.00 MB reserved,      24.56 MB ( 38%) committed,  1 nodes.
      Class space:        1.00 GB reserved,       2.81 MB ( <1%) committed,  1 nodes.
             Both:        1.06 GB reserved,      27.38 MB (  3%) committed. 

Chunk freelists:
   Non-Class:  7.48 MB
       Class:  13.22 MB
        Both:  20.71 MB

MaxMetaspaceSize: unlimited
CompressedClassSpaceSize: 1.00 GB
Initial GC threshold: 21.00 MB
Current GC threshold: 35.00 MB
CDS: off
MetaspaceReclaimPolicy: balanced
 - commit_granule_bytes: 65536.
 - commit_granule_words: 8192.
 - virtual_space_node_default_size: 8388608.
 - enlarge_chunks_in_place: 1.
 - new_chunks_are_fully_committed: 0.
 - uncommit_free_chunks: 1.
 - use_allocation_guard: 0.
 - handle_deallocations: 1.


Internal statistics:

num_allocs_failed_limit: 3.
num_arena_births: 282.
num_arena_deaths: 14.
num_vsnodes_births: 2.
num_vsnodes_deaths: 0.
num_space_committed: 438.
num_space_uncommitted: 0.
num_chunks_returned_to_freelist: 17.
num_chunks_taken_from_freelist: 1052.
num_chunk_merges: 7.
num_chunk_splits: 690.
num_chunks_enlarged: 483.
num_inconsistent_stats: 0.

CodeHeap 'non-profiled nmethods': size=120000Kb used=1056Kb max_used=1056Kb free=118944Kb
 bounds [0x0000022e1f660000, 0x0000022e1f8d0000, 0x0000022e26b90000]
CodeHeap 'profiled nmethods': size=120000Kb used=4971Kb max_used=4971Kb free=115029Kb
 bounds [0x0000022e17b90000, 0x0000022e18070000, 0x0000022e1f0c0000]
CodeHeap 'non-nmethods': size=5760Kb used=1226Kb max_used=1243Kb free=4533Kb
 bounds [0x0000022e1f0c0000, 0x0000022e1f330000, 0x0000022e1f660000]
 total_blobs=3007 nmethods=2467 adapters=454
 compilation: enabled
              stopped_count=0, restarted_count=0
 full_count=0

Compilation events (20 events):
Event: 7.205 Thread 0x0000022e2fcd1650 nmethod 2420 0x0000022e1f763e10 code [0x0000022e1f763f80, 0x0000022e1f764058]
Event: 7.205 Thread 0x0000022e2fcd1650 2432       4       org.lombokweb.asm.ClassReader::readShort (27 bytes)
Event: 7.206 Thread 0x0000022e2fcd1650 nmethod 2432 0x0000022e1f764190 code [0x0000022e1f764300, 0x0000022e1f7643f8]
Event: 7.230 Thread 0x0000022e2fcd1650 2441       4       jdk.internal.jimage.ImageStringsReader::hashCode (33 bytes)
Event: 7.239 Thread 0x0000022e2fcd1650 nmethod 2441 0x0000022e1f764510 code [0x0000022e1f7646c0, 0x0000022e1f764a98]
Event: 7.258 Thread 0x0000022e294fc290 2442       3       jdk.internal.loader.BuiltinClassLoader$2::run (5 bytes)
Event: 7.258 Thread 0x0000022e294fc290 nmethod 2442 0x0000022e18057310 code [0x0000022e180574c0, 0x0000022e18057608]
Event: 7.269 Thread 0x0000022e294fc290 2443       3       org.eclipse.osgi.internal.hookregistry.ClassLoaderHook::preFindLocalResource (1 bytes)
Event: 7.269 Thread 0x0000022e294fc290 nmethod 2443 0x0000022e18057690 code [0x0000022e18057820, 0x0000022e18057938]
Event: 7.269 Thread 0x0000022e294fc290 2444       3       org.eclipse.osgi.internal.hookregistry.ClassLoaderHook::postFindLocalResource (1 bytes)
Event: 7.269 Thread 0x0000022e294fc290 nmethod 2444 0x0000022e18057a10 code [0x0000022e18057ba0, 0x0000022e18057cb8]
Event: 7.271 Thread 0x0000022e2fcd1650 2445       4       java.util.concurrent.ConcurrentHashMap$BaseIterator::hasNext (13 bytes)
Event: 7.271 Thread 0x0000022e2fcd1650 nmethod 2445 0x0000022e1f764e10 code [0x0000022e1f764f80, 0x0000022e1f765018]
Event: 7.273 Thread 0x0000022e294fc290 2446       3       sun.net.util.IPAddressUtil::checkExternalForm (70 bytes)
Event: 7.274 Thread 0x0000022e294fc290 nmethod 2446 0x0000022e18057d90 code [0x0000022e18058060, 0x0000022e18058cd8]
Event: 7.275 Thread 0x0000022e2fcd1650 2447       4       jdk.internal.loader.BuiltinClassLoader::moduleReaderFor (45 bytes)
Event: 7.284 Thread 0x0000022e2fcd1650 nmethod 2447 0x0000022e1f765110 code [0x0000022e1f7652c0, 0x0000022e1f7655f8]
Event: 7.284 Thread 0x0000022e2fcd1650 2448       4       jdk.internal.jimage.BasicImageReader::getLocationIndex (52 bytes)
Event: 7.303 Thread 0x0000022e2fcd1650 nmethod 2448 0x0000022e1f765a10 code [0x0000022e1f765c00, 0x0000022e1f7664d0]
Event: 7.303 Thread 0x0000022e2fcd1650 2449       4       jdk.internal.module.SystemModuleFinders$SystemModuleReader::containsImageLocation (42 bytes)

GC Heap History (14 events):
Event: 3.019 GC heap before
{Heap before GC invocations=1 (full 0):
 PSYoungGen      total 29696K, used 25600K [0x00000000eab00000, 0x00000000ecc00000, 0x0000000100000000)
  eden space 25600K, 100% used [0x00000000eab00000,0x00000000ec400000,0x00000000ec400000)
  from space 4096K, 0% used [0x00000000ec800000,0x00000000ec800000,0x00000000ecc00000)
  to   space 4096K, 0% used [0x00000000ec400000,0x00000000ec400000,0x00000000ec800000)
 ParOldGen       total 68608K, used 0K [0x00000000c0000000, 0x00000000c4300000, 0x00000000eab00000)
  object space 68608K, 0% used [0x00000000c0000000,0x00000000c0000000,0x00000000c4300000)
 Metaspace       used 10978K, committed 11200K, reserved 1114112K
  class space    used 1094K, committed 1216K, reserved 1048576K
}
Event: 3.031 GC heap after
{Heap after GC invocations=1 (full 0):
 PSYoungGen      total 29696K, used 3172K [0x00000000eab00000, 0x00000000ecc00000, 0x0000000100000000)
  eden space 25600K, 0% used [0x00000000eab00000,0x00000000eab00000,0x00000000ec400000)
  from space 4096K, 77% used [0x00000000ec400000,0x00000000ec719278,0x00000000ec800000)
  to   space 4096K, 0% used [0x00000000ec800000,0x00000000ec800000,0x00000000ecc00000)
 ParOldGen       total 68608K, used 8K [0x00000000c0000000, 0x00000000c4300000, 0x00000000eab00000)
  object space 68608K, 0% used [0x00000000c0000000,0x00000000c0002000,0x00000000c4300000)
 Metaspace       used 10978K, committed 11200K, reserved 1114112K
  class space    used 1094K, committed 1216K, reserved 1048576K
}
Event: 4.176 GC heap before
{Heap before GC invocations=2 (full 0):
 PSYoungGen      total 29696K, used 28772K [0x00000000eab00000, 0x00000000ecc00000, 0x0000000100000000)
  eden space 25600K, 100% used [0x00000000eab00000,0x00000000ec400000,0x00000000ec400000)
  from space 4096K, 77% used [0x00000000ec400000,0x00000000ec719278,0x00000000ec800000)
  to   space 4096K, 0% used [0x00000000ec800000,0x00000000ec800000,0x00000000ecc00000)
 ParOldGen       total 68608K, used 8K [0x00000000c0000000, 0x00000000c4300000, 0x00000000eab00000)
  object space 68608K, 0% used [0x00000000c0000000,0x00000000c0002000,0x00000000c4300000)
 Metaspace       used 14821K, committed 15104K, reserved 1114112K
  class space    used 1501K, committed 1664K, reserved 1048576K
}
Event: 4.184 GC heap after
{Heap after GC invocations=2 (full 0):
 PSYoungGen      total 29696K, used 4089K [0x00000000eab00000, 0x00000000ecc00000, 0x0000000100000000)
  eden space 25600K, 0% used [0x00000000eab00000,0x00000000eab00000,0x00000000ec400000)
  from space 4096K, 99% used [0x00000000ec800000,0x00000000ecbfe708,0x00000000ecc00000)
  to   space 4096K, 0% used [0x00000000ec400000,0x00000000ec400000,0x00000000ec800000)
 ParOldGen       total 68608K, used 782K [0x00000000c0000000, 0x00000000c4300000, 0x00000000eab00000)
  object space 68608K, 1% used [0x00000000c0000000,0x00000000c00c3b50,0x00000000c4300000)
 Metaspace       used 14821K, committed 15104K, reserved 1114112K
  class space    used 1501K, committed 1664K, reserved 1048576K
}
Event: 5.197 GC heap before
{Heap before GC invocations=3 (full 0):
 PSYoungGen      total 29696K, used 29689K [0x00000000eab00000, 0x00000000ecc00000, 0x0000000100000000)
  eden space 25600K, 100% used [0x00000000eab00000,0x00000000ec400000,0x00000000ec400000)
  from space 4096K, 99% used [0x00000000ec800000,0x00000000ecbfe708,0x00000000ecc00000)
  to   space 4096K, 0% used [0x00000000ec400000,0x00000000ec400000,0x00000000ec800000)
 ParOldGen       total 68608K, used 782K [0x00000000c0000000, 0x00000000c4300000, 0x00000000eab00000)
  object space 68608K, 1% used [0x00000000c0000000,0x00000000c00c3b50,0x00000000c4300000)
 Metaspace       used 19829K, committed 20224K, reserved 1114112K
  class space    used 2025K, committed 2176K, reserved 1048576K
}
Event: 5.204 GC heap after
{Heap after GC invocations=3 (full 0):
 PSYoungGen      total 29696K, used 4089K [0x00000000eab00000, 0x00000000ecc00000, 0x0000000100000000)
  eden space 25600K, 0% used [0x00000000eab00000,0x00000000eab00000,0x00000000ec400000)
  from space 4096K, 99% used [0x00000000ec400000,0x00000000ec7fe728,0x00000000ec800000)
  to   space 4096K, 0% used [0x00000000ec800000,0x00000000ec800000,0x00000000ecc00000)
 ParOldGen       total 68608K, used 2421K [0x00000000c0000000, 0x00000000c4300000, 0x00000000eab00000)
  object space 68608K, 3% used [0x00000000c0000000,0x00000000c025d5b0,0x00000000c4300000)
 Metaspace       used 19829K, committed 20224K, reserved 1114112K
  class space    used 2025K, committed 2176K, reserved 1048576K
}
Event: 5.672 GC heap before
{Heap before GC invocations=4 (full 0):
 PSYoungGen      total 29696K, used 11713K [0x00000000eab00000, 0x00000000ecc00000, 0x0000000100000000)
  eden space 25600K, 29% used [0x00000000eab00000,0x00000000eb271d38,0x00000000ec400000)
  from space 4096K, 99% used [0x00000000ec400000,0x00000000ec7fe728,0x00000000ec800000)
  to   space 4096K, 0% used [0x00000000ec800000,0x00000000ec800000,0x00000000ecc00000)
 ParOldGen       total 68608K, used 2421K [0x00000000c0000000, 0x00000000c4300000, 0x00000000eab00000)
  object space 68608K, 3% used [0x00000000c0000000,0x00000000c025d5b0,0x00000000c4300000)
 Metaspace       used 21054K, committed 21504K, reserved 1114112K
  class space    used 2153K, committed 2368K, reserved 1048576K
}
Event: 5.677 GC heap after
{Heap after GC invocations=4 (full 0):
 PSYoungGen      total 29696K, used 4074K [0x00000000eab00000, 0x00000000ecc00000, 0x0000000100000000)
  eden space 25600K, 0% used [0x00000000eab00000,0x00000000eab00000,0x00000000ec400000)
  from space 4096K, 99% used [0x00000000ec800000,0x00000000ecbfaae0,0x00000000ecc00000)
  to   space 4096K, 0% used [0x00000000ec400000,0x00000000ec400000,0x00000000ec800000)
 ParOldGen       total 68608K, used 2741K [0x00000000c0000000, 0x00000000c4300000, 0x00000000eab00000)
  object space 68608K, 3% used [0x00000000c0000000,0x00000000c02ad5b0,0x00000000c4300000)
 Metaspace       used 21054K, committed 21504K, reserved 1114112K
  class space    used 2153K, committed 2368K, reserved 1048576K
}
Event: 5.678 GC heap before
{Heap before GC invocations=5 (full 1):
 PSYoungGen      total 29696K, used 4074K [0x00000000eab00000, 0x00000000ecc00000, 0x0000000100000000)
  eden space 25600K, 0% used [0x00000000eab00000,0x00000000eab00000,0x00000000ec400000)
  from space 4096K, 99% used [0x00000000ec800000,0x00000000ecbfaae0,0x00000000ecc00000)
  to   space 4096K, 0% used [0x00000000ec400000,0x00000000ec400000,0x00000000ec800000)
 ParOldGen       total 68608K, used 2741K [0x00000000c0000000, 0x00000000c4300000, 0x00000000eab00000)
  object space 68608K, 3% used [0x00000000c0000000,0x00000000c02ad5b0,0x00000000c4300000)
 Metaspace       used 21054K, committed 21504K, reserved 1114112K
  class space    used 2153K, committed 2368K, reserved 1048576K
}
Event: 5.719 GC heap after
{Heap after GC invocations=5 (full 1):
 PSYoungGen      total 29696K, used 0K [0x00000000eab00000, 0x00000000ecc00000, 0x0000000100000000)
  eden space 25600K, 0% used [0x00000000eab00000,0x00000000eab00000,0x00000000ec400000)
  from space 4096K, 0% used [0x00000000ec800000,0x00000000ec800000,0x00000000ecc00000)
  to   space 4096K, 0% used [0x00000000ec400000,0x00000000ec400000,0x00000000ec800000)
 ParOldGen       total 68608K, used 6704K [0x00000000c0000000, 0x00000000c4300000, 0x00000000eab00000)
  object space 68608K, 9% used [0x00000000c0000000,0x00000000c068c108,0x00000000c4300000)
 Metaspace       used 21041K, committed 21504K, reserved 1114112K
  class space    used 2150K, committed 2368K, reserved 1048576K
}
Event: 6.420 GC heap before
{Heap before GC invocations=6 (full 1):
 PSYoungGen      total 29696K, used 25600K [0x00000000eab00000, 0x00000000ecc00000, 0x0000000100000000)
  eden space 25600K, 100% used [0x00000000eab00000,0x00000000ec400000,0x00000000ec400000)
  from space 4096K, 0% used [0x00000000ec800000,0x00000000ec800000,0x00000000ecc00000)
  to   space 4096K, 0% used [0x00000000ec400000,0x00000000ec400000,0x00000000ec800000)
 ParOldGen       total 68608K, used 6704K [0x00000000c0000000, 0x00000000c4300000, 0x00000000eab00000)
  object space 68608K, 9% used [0x00000000c0000000,0x00000000c068c108,0x00000000c4300000)
 Metaspace       used 24083K, committed 24576K, reserved 1114112K
  class space    used 2367K, committed 2560K, reserved 1048576K
}
Event: 6.421 GC heap after
{Heap after GC invocations=6 (full 1):
 PSYoungGen      total 26112K, used 695K [0x00000000eab00000, 0x00000000ec880000, 0x0000000100000000)
  eden space 25088K, 0% used [0x00000000eab00000,0x00000000eab00000,0x00000000ec380000)
  from space 1024K, 67% used [0x00000000ec400000,0x00000000ec4adde0,0x00000000ec500000)
  to   space 2560K, 0% used [0x00000000ec600000,0x00000000ec600000,0x00000000ec880000)
 ParOldGen       total 68608K, used 6712K [0x00000000c0000000, 0x00000000c4300000, 0x00000000eab00000)
  object space 68608K, 9% used [0x00000000c0000000,0x00000000c068e108,0x00000000c4300000)
 Metaspace       used 24083K, committed 24576K, reserved 1114112K
  class space    used 2367K, committed 2560K, reserved 1048576K
}
Event: 7.066 GC heap before
{Heap before GC invocations=7 (full 1):
 PSYoungGen      total 26112K, used 25783K [0x00000000eab00000, 0x00000000ec880000, 0x0000000100000000)
  eden space 25088K, 100% used [0x00000000eab00000,0x00000000ec380000,0x00000000ec380000)
  from space 1024K, 67% used [0x00000000ec400000,0x00000000ec4adde0,0x00000000ec500000)
  to   space 2560K, 0% used [0x00000000ec600000,0x00000000ec600000,0x00000000ec880000)
 ParOldGen       total 68608K, used 6712K [0x00000000c0000000, 0x00000000c4300000, 0x00000000eab00000)
  object space 68608K, 9% used [0x00000000c0000000,0x00000000c068e108,0x00000000c4300000)
 Metaspace       used 26911K, committed 27456K, reserved 1114112K
  class space    used 2588K, committed 2816K, reserved 1048576K
}
Event: 7.068 GC heap after
{Heap after GC invocations=7 (full 1):
 PSYoungGen      total 27136K, used 2520K [0x00000000eab00000, 0x00000000ec900000, 0x0000000100000000)
  eden space 24576K, 0% used [0x00000000eab00000,0x00000000eab00000,0x00000000ec300000)
  from space 2560K, 98% used [0x00000000ec600000,0x00000000ec8761f8,0x00000000ec880000)
  to   space 3072K, 0% used [0x00000000ec300000,0x00000000ec300000,0x00000000ec600000)
 ParOldGen       total 68608K, used 6720K [0x00000000c0000000, 0x00000000c4300000, 0x00000000eab00000)
  object space 68608K, 9% used [0x00000000c0000000,0x00000000c0690108,0x00000000c4300000)
 Metaspace       used 26911K, committed 27456K, reserved 1114112K
  class space    used 2588K, committed 2816K, reserved 1048576K
}

Dll operation events (9 events):
Event: 0.073 Loaded shared library c:\Users\Admin\.vscode\extensions\redhat.java-1.32.0-win32-x64\jre\17.0.11-win32-x86_64\bin\java.dll
Event: 0.752 Loaded shared library c:\Users\Admin\.vscode\extensions\redhat.java-1.32.0-win32-x64\jre\17.0.11-win32-x86_64\bin\zip.dll
Event: 0.758 Loaded shared library C:\Users\Admin\.vscode\extensions\redhat.java-1.32.0-win32-x64\jre\17.0.11-win32-x86_64\bin\instrument.dll
Event: 0.783 Loaded shared library C:\Users\Admin\.vscode\extensions\redhat.java-1.32.0-win32-x64\jre\17.0.11-win32-x86_64\bin\net.dll
Event: 0.828 Loaded shared library C:\Users\Admin\.vscode\extensions\redhat.java-1.32.0-win32-x64\jre\17.0.11-win32-x86_64\bin\nio.dll
Event: 0.840 Loaded shared library C:\Users\Admin\.vscode\extensions\redhat.java-1.32.0-win32-x64\jre\17.0.11-win32-x86_64\bin\zip.dll
Event: 0.952 Loaded shared library C:\Users\Admin\.vscode\extensions\redhat.java-1.32.0-win32-x64\jre\17.0.11-win32-x86_64\bin\jimage.dll
Event: 1.339 Loaded shared library c:\Users\Admin\.vscode\extensions\redhat.java-1.32.0-win32-x64\jre\17.0.11-win32-x86_64\bin\verify.dll
Event: 3.982 Loaded shared library C:\Users\Admin\AppData\Roaming\Code\User\globalStorage\redhat.java\1.32.0\config_ss_win\org.eclipse.equinox.launcher\org.eclipse.equinox.launcher.win32.win32.x86_64_1.2.1100.v20240613-2013\eclipse_11903.dll

Deoptimization events (20 events):
Event: 5.293 Thread 0x0000022e2f1843d0 DEOPT PACKING pc=0x0000022e1f727368 sp=0x000000aeb4af9a00
Event: 5.293 Thread 0x0000022e2f1843d0 DEOPT UNPACKING pc=0x0000022e1f1166a3 sp=0x000000aeb4af9980 mode 2
Event: 5.293 Thread 0x0000022e2f1843d0 Uncommon trap: trap_request=0xffffffc6 fr.pc=0x0000022e1f72b174 relative=0x0000000000000694
Event: 5.293 Thread 0x0000022e2f1843d0 Uncommon trap: reason=bimorphic_or_optimized_type_check action=maybe_recompile pc=0x0000022e1f72b174 method=java.io.DataInputStream.readUnsignedShort()I @ 6 c2
Event: 5.293 Thread 0x0000022e2f1843d0 DEOPT PACKING pc=0x0000022e1f72b174 sp=0x000000aeb4af99b0
Event: 5.293 Thread 0x0000022e2f1843d0 DEOPT UNPACKING pc=0x0000022e1f1166a3 sp=0x000000aeb4af9978 mode 2
Event: 5.359 Thread 0x0000022e2f1843d0 Uncommon trap: trap_request=0xffffff45 fr.pc=0x0000022e1f741230 relative=0x0000000000000f90
Event: 5.360 Thread 0x0000022e2f1843d0 Uncommon trap: reason=unstable_if action=reinterpret pc=0x0000022e1f741230 method=java.io.DataInputStream.readUnsignedShort()I @ 18 c2
Event: 5.360 Thread 0x0000022e2f1843d0 DEOPT PACKING pc=0x0000022e1f741230 sp=0x000000aeb4af99b0
Event: 5.360 Thread 0x0000022e2f1843d0 DEOPT UNPACKING pc=0x0000022e1f1166a3 sp=0x000000aeb4af98e0 mode 2
Event: 5.415 Thread 0x0000022e2f1843d0 Uncommon trap: trap_request=0xffffff45 fr.pc=0x0000022e1f6f83c0 relative=0x0000000000000040
Event: 5.416 Thread 0x0000022e2f1843d0 Uncommon trap: reason=unstable_if action=reinterpret pc=0x0000022e1f6f83c0 method=sun.nio.fs.WindowsPathParser.isSlash(C)Z @ 9 c2
Event: 5.416 Thread 0x0000022e2f1843d0 DEOPT PACKING pc=0x0000022e1f6f83c0 sp=0x000000aeb4af9470
Event: 5.416 Thread 0x0000022e2f1843d0 DEOPT UNPACKING pc=0x0000022e1f1166a3 sp=0x000000aeb4af93f8 mode 2
Event: 6.642 Thread 0x0000022e2f1843d0 Uncommon trap: trap_request=0xffffff45 fr.pc=0x0000022e1f754c28 relative=0x0000000000000128
Event: 6.642 Thread 0x0000022e2f1843d0 Uncommon trap: reason=unstable_if action=reinterpret pc=0x0000022e1f754c28 method=org.lombokweb.asm.ByteVector.putByteArray([BII)Lorg/lombokweb/asm/ByteVector; @ 20 c2
Event: 6.642 Thread 0x0000022e2f1843d0 DEOPT PACKING pc=0x0000022e1f754c28 sp=0x000000aeb4aeef70
Event: 6.642 Thread 0x0000022e2f1843d0 DEOPT UNPACKING pc=0x0000022e1f1166a3 sp=0x000000aeb4aeef40 mode 2
Event: 7.156 Thread 0x0000022e2f1843d0 DEOPT PACKING pc=0x0000022e17c86143 sp=0x000000aeb4af4b00
Event: 7.156 Thread 0x0000022e2f1843d0 DEOPT UNPACKING pc=0x0000022e1f116e43 sp=0x000000aeb4af4020 mode 0

Classes unloaded (7 events):
Event: 5.684 Thread 0x0000022e2948c1b0 Unloading class 0x000000010021a800 'java/lang/invoke/LambdaForm$MH+0x000000010021a800'
Event: 5.684 Thread 0x0000022e2948c1b0 Unloading class 0x000000010021a400 'java/lang/invoke/LambdaForm$MH+0x000000010021a400'
Event: 5.684 Thread 0x0000022e2948c1b0 Unloading class 0x000000010021a000 'java/lang/invoke/LambdaForm$MH+0x000000010021a000'
Event: 5.684 Thread 0x0000022e2948c1b0 Unloading class 0x0000000100219c00 'java/lang/invoke/LambdaForm$MH+0x0000000100219c00'
Event: 5.684 Thread 0x0000022e2948c1b0 Unloading class 0x0000000100219800 'java/lang/invoke/LambdaForm$BMH+0x0000000100219800'
Event: 5.684 Thread 0x0000022e2948c1b0 Unloading class 0x0000000100219400 'java/lang/invoke/LambdaForm$DMH+0x0000000100219400'
Event: 5.684 Thread 0x0000022e2948c1b0 Unloading class 0x0000000100214800 'java/lang/invoke/LambdaForm$DMH+0x0000000100214800'

Classes redefined (0 events):
No events

Internal exceptions (20 events):
Event: 4.986 Thread 0x0000022e2f1843d0 Exception <a 'java/lang/NoSuchMethodError'{0x00000000ec008e40}: 'java.lang.Object java.lang.invoke.DirectMethodHandle$Holder.invokeStatic(java.lang.Object, java.lang.Object, java.lang.Object, java.lang.Object, int)'> (0x00000000ec008e40) 
thrown [s\src\hotspot\share\interpreter\linkResolver.cpp, line 759]
Event: 4.988 Thread 0x0000022e2f1843d0 Exception <a 'java/lang/NoSuchMethodError'{0x00000000ec014e38}: 'java.lang.Object java.lang.invoke.DelegatingMethodHandle$Holder.reinvoke_L(java.lang.Object, java.lang.Object, java.lang.Object, java.lang.Object, int, int)'> (0x00000000ec014e38) 
thrown [s\src\hotspot\share\interpreter\linkResolver.cpp, line 759]
Event: 4.996 Thread 0x0000022e2f1843d0 Exception <a 'java/lang/NoSuchMethodError'{0x00000000ec029998}: 'java.lang.Object java.lang.invoke.Invokers$Holder.invokeExact_MT(java.lang.Object, java.lang.Object, java.lang.Object, java.lang.Object)'> (0x00000000ec029998) 
thrown [s\src\hotspot\share\interpreter\linkResolver.cpp, line 759]
Event: 5.132 Thread 0x0000022e2f1843d0 Exception <a 'java/io/FileNotFoundException'{0x00000000ec2b9a90}> (0x00000000ec2b9a90) 
thrown [s\src\hotspot\share\prims\jni.cpp, line 516]
Event: 5.133 Thread 0x0000022e2f1843d0 Exception <a 'java/io/FileNotFoundException'{0x00000000ec2c0fc0}> (0x00000000ec2c0fc0) 
thrown [s\src\hotspot\share\prims\jni.cpp, line 516]
Event: 5.314 Thread 0x0000022e2f1843d0 Exception <a 'java/lang/NoSuchMethodError'{0x00000000eaceccb0}: 'java.lang.Object java.lang.invoke.DirectMethodHandle$Holder.newInvokeSpecial(java.lang.Object, java.lang.Object, java.lang.Object, java.lang.Object, java.lang.Object)'> (0x00000000eaceccb0) 
thrown [s\src\hotspot\share\interpreter\linkResolver.cpp, line 759]
Event: 5.442 Thread 0x0000022e2f1843d0 Exception <a 'java/lang/NoSuchMethodError'{0x00000000eae5f018}: 'java.lang.Object java.lang.invoke.DirectMethodHandle$Holder.invokeStaticInit(java.lang.Object, int)'> (0x00000000eae5f018) 
thrown [s\src\hotspot\share\interpreter\linkResolver.cpp, line 759]
Event: 5.569 Thread 0x0000022e2f1843d0 Exception <a 'java/lang/NoSuchMethodError'{0x00000000eb09cd50}: 'java.lang.Object java.lang.invoke.DirectMethodHandle$Holder.invokeSpecial(java.lang.Object, java.lang.Object, java.lang.Object, long, java.lang.Object)'> (0x00000000eb09cd50) 
thrown [s\src\hotspot\share\interpreter\linkResolver.cpp, line 759]
Event: 5.570 Thread 0x0000022e2f1843d0 Exception <a 'java/lang/NoSuchMethodError'{0x00000000eb0a4f08}: 'java.lang.Object java.lang.invoke.DirectMethodHandle$Holder.newInvokeSpecial(java.lang.Object, java.lang.Object, java.lang.Object, long)'> (0x00000000eb0a4f08) 
thrown [s\src\hotspot\share\interpreter\linkResolver.cpp, line 759]
Event: 5.571 Thread 0x0000022e2f1843d0 Exception <a 'java/lang/NoSuchMethodError'{0x00000000eb0a94a8}: 'java.lang.Object java.lang.invoke.DirectMethodHandle$Holder.invokeSpecial(java.lang.Object, java.lang.Object, java.lang.Object, java.lang.Object, long)'> (0x00000000eb0a94a8) 
thrown [s\src\hotspot\share\interpreter\linkResolver.cpp, line 759]
Event: 5.572 Thread 0x0000022e2f1843d0 Exception <a 'java/lang/NoSuchMethodError'{0x00000000eb0ad320}: 'java.lang.Object java.lang.invoke.Invokers$Holder.linkToTargetMethod(java.lang.Object, java.lang.Object, long, java.lang.Object)'> (0x00000000eb0ad320) 
thrown [s\src\hotspot\share\interpreter\linkResolver.cpp, line 759]
Event: 5.610 Thread 0x0000022e2f1843d0 Exception <a 'java/lang/NoSuchMethodError'{0x00000000eb100e08}: 'int java.lang.invoke.DirectMethodHandle$Holder.invokeStaticInit(java.lang.Object, java.lang.Object, java.lang.Object)'> (0x00000000eb100e08) 
thrown [s\src\hotspot\share\interpreter\linkResolver.cpp, line 759]
Event: 5.637 Thread 0x0000022e2f1843d0 Exception <a 'java/lang/IncompatibleClassChangeError'{0x00000000eb1a4860}: Found class java.lang.Object, but interface was expected> (0x00000000eb1a4860) 
thrown [s\src\hotspot\share\interpreter\linkResolver.cpp, line 826]
Event: 5.655 Thread 0x0000022e2f1843d0 Exception <a 'java/lang/NoSuchMethodError'{0x00000000eb1b7a50}: 'java.lang.Object java.lang.invoke.DirectMethodHandle$Holder.invokeSpecial(java.lang.Object, java.lang.Object, java.lang.Object, int, java.lang.Object, java.lang.Object)'> (0x00000000eb1b7a50) 
thrown [s\src\hotspot\share\interpreter\linkResolver.cpp, line 759]
Event: 5.657 Thread 0x0000022e2f1843d0 Exception <a 'java/lang/NoSuchMethodError'{0x00000000eb1c01d8}: 'java.lang.Object java.lang.invoke.DirectMethodHandle$Holder.newInvokeSpecial(java.lang.Object, java.lang.Object, java.lang.Object, int, java.lang.Object)'> (0x00000000eb1c01d8) 
thrown [s\src\hotspot\share\interpreter\linkResolver.cpp, line 759]
Event: 5.659 Thread 0x0000022e2f1843d0 Exception <a 'java/lang/NoSuchMethodError'{0x00000000eb1c4890}: 'java.lang.Object java.lang.invoke.DirectMethodHandle$Holder.invokeSpecial(java.lang.Object, java.lang.Object, java.lang.Object, java.lang.Object, int, java.lang.Object)'> (0x00000000eb1c4890) 
thrown [s\src\hotspot\share\interpreter\linkResolver.cpp, line 759]
Event: 5.663 Thread 0x0000022e2f423af0 Exception <a 'java/lang/NoSuchMethodError'{0x00000000eb111ed8}: 'java.lang.Object java.lang.invoke.DirectMethodHandle$Holder.invokeSpecial(java.lang.Object, java.lang.Object, int, java.lang.Object, java.lang.Object)'> (0x00000000eb111ed8) 
thrown [s\src\hotspot\share\interpreter\linkResolver.cpp, line 759]
Event: 5.664 Thread 0x0000022e2f423af0 Exception <a 'java/lang/NoSuchMethodError'{0x00000000eb1195a8}: 'java.lang.Object java.lang.invoke.DirectMethodHandle$Holder.newInvokeSpecial(java.lang.Object, java.lang.Object, int, java.lang.Object)'> (0x00000000eb1195a8) 
thrown [s\src\hotspot\share\interpreter\linkResolver.cpp, line 759]
Event: 5.665 Thread 0x0000022e2f423af0 Exception <a 'java/lang/NoSuchMethodError'{0x00000000eb11d0b8}: 'java.lang.Object java.lang.invoke.DirectMethodHandle$Holder.invokeSpecial(java.lang.Object, java.lang.Object, java.lang.Object, int, java.lang.Object)'> (0x00000000eb11d0b8) 
thrown [s\src\hotspot\share\interpreter\linkResolver.cpp, line 759]
Event: 6.642 Thread 0x0000022e2f1843d0 Implicit null exception at 0x0000022e1f754b48 to 0x0000022e1f754c08

VM Operations (20 events):
Event: 4.112 Executing VM operation: HandshakeAllThreads
Event: 4.112 Executing VM operation: HandshakeAllThreads done
Event: 4.112 Executing VM operation: Cleanup
Event: 4.112 Executing VM operation: Cleanup done
Event: 4.176 Executing VM operation: ParallelGCFailedAllocation
Event: 4.184 Executing VM operation: ParallelGCFailedAllocation done
Event: 4.776 Executing VM operation: HandshakeAllThreads
Event: 4.776 Executing VM operation: HandshakeAllThreads done
Event: 4.963 Executing VM operation: HandshakeAllThreads
Event: 4.963 Executing VM operation: HandshakeAllThreads done
Event: 5.197 Executing VM operation: ParallelGCFailedAllocation
Event: 5.204 Executing VM operation: ParallelGCFailedAllocation done
Event: 5.672 Executing VM operation: CollectForMetadataAllocation
Event: 5.720 Executing VM operation: CollectForMetadataAllocation done
Event: 5.740 Executing VM operation: HandshakeAllThreads
Event: 5.740 Executing VM operation: HandshakeAllThreads done
Event: 6.420 Executing VM operation: ParallelGCFailedAllocation
Event: 6.421 Executing VM operation: ParallelGCFailedAllocation done
Event: 7.066 Executing VM operation: ParallelGCFailedAllocation
Event: 7.068 Executing VM operation: ParallelGCFailedAllocation done

Events (20 events):
Event: 5.925 loading class java/net/SocketTimeoutException done
Event: 5.925 loading class java/net/SocketException
Event: 5.925 loading class java/net/SocketException done
Event: 5.925 loading class java/net/UnknownHostException
Event: 5.925 loading class java/net/UnknownHostException done
Event: 5.925 loading class java/net/ProtocolException
Event: 5.925 loading class java/net/ProtocolException done
Event: 5.980 loading class java/lang/ThreadLocal$SuppliedThreadLocal
Event: 5.980 loading class java/lang/ThreadLocal$SuppliedThreadLocal done
Event: 5.997 loading class java/io/FileWriter
Event: 5.997 loading class java/io/FileWriter done
Event: 5.997 loading class java/lang/NegativeArraySizeException
Event: 5.997 loading class java/lang/NegativeArraySizeException done
Event: 6.124 Thread 0x0000022e2f4b8c80 Thread added: 0x0000022e2f4b8c80
Event: 6.270 Thread 0x0000022e2f4b8c80 Thread exited: 0x0000022e2f4b8c80
Event: 6.643 Thread 0x0000022e2fdb69a0 Thread added: 0x0000022e2fdb69a0
Event: 7.104 loading class org/w3c/dom/DOMException
Event: 7.104 loading class org/w3c/dom/DOMException done
Event: 7.113 Thread 0x0000022e2fdb69a0 Thread exited: 0x0000022e2fdb69a0
Event: 7.189 Thread 0x0000022e2fcd1650 Thread added: 0x0000022e2fcd1650


Dynamic libraries:
0x00007ff6e50b0000 - 0x00007ff6e50be000 	c:\Users\Admin\.vscode\extensions\redhat.java-1.32.0-win32-x64\jre\17.0.11-win32-x86_64\bin\java.exe
0x00007fffe5db0000 - 0x00007fffe5fa8000 	C:\WINDOWS\SYSTEM32\ntdll.dll
0x00007fffe5500000 - 0x00007fffe55c1000 	C:\WINDOWS\System32\KERNEL32.DLL
0x00007fffe3690000 - 0x00007fffe3986000 	C:\WINDOWS\System32\KERNELBASE.dll
0x00007fffe3990000 - 0x00007fffe3a90000 	C:\WINDOWS\System32\ucrtbase.dll
0x00007fffdbfa0000 - 0x00007fffdbfb7000 	c:\Users\Admin\.vscode\extensions\redhat.java-1.32.0-win32-x64\jre\17.0.11-win32-x86_64\bin\jli.dll
0x00007fffe43c0000 - 0x00007fffe455f000 	C:\WINDOWS\System32\USER32.dll
0x00007fffe35b0000 - 0x00007fffe35d2000 	C:\WINDOWS\System32\win32u.dll
0x00007fffe5b40000 - 0x00007fffe5b6b000 	C:\WINDOWS\System32\GDI32.dll
0x00007fffe3490000 - 0x00007fffe35a7000 	C:\WINDOWS\System32\gdi32full.dll
0x00007fffe3ae0000 - 0x00007fffe3b7d000 	C:\WINDOWS\System32\msvcp_win.dll
0x00007fffdaa10000 - 0x00007fffdaa2b000 	c:\Users\Admin\.vscode\extensions\redhat.java-1.32.0-win32-x64\jre\17.0.11-win32-x86_64\bin\VCRUNTIME140.dll
0x00007fffdaf40000 - 0x00007fffdb1da000 	C:\WINDOWS\WinSxS\amd64_microsoft.windows.common-controls_6595b64144ccf1df_6.0.19041.4355_none_60b8b9eb71f62e16\COMCTL32.dll
0x00007fffe4250000 - 0x00007fffe42ee000 	C:\WINDOWS\System32\msvcrt.dll
0x00007fffe4f20000 - 0x00007fffe4f4f000 	C:\WINDOWS\System32\IMM32.DLL
0x00007fffddcf0000 - 0x00007fffddcfc000 	c:\Users\Admin\.vscode\extensions\redhat.java-1.32.0-win32-x64\jre\17.0.11-win32-x86_64\bin\vcruntime140_1.dll
0x00007fffb2df0000 - 0x00007fffb2e7d000 	c:\Users\Admin\.vscode\extensions\redhat.java-1.32.0-win32-x64\jre\17.0.11-win32-x86_64\bin\msvcp140.dll
0x00007fff98de0000 - 0x00007fff99a42000 	c:\Users\Admin\.vscode\extensions\redhat.java-1.32.0-win32-x64\jre\17.0.11-win32-x86_64\bin\server\jvm.dll
0x00007fffe5700000 - 0x00007fffe57b0000 	C:\WINDOWS\System32\ADVAPI32.dll
0x00007fffe4f50000 - 0x00007fffe4ff0000 	C:\WINDOWS\System32\sechost.dll
0x00007fffe5990000 - 0x00007fffe5ab3000 	C:\WINDOWS\System32\RPCRT4.dll
0x00007fffe3460000 - 0x00007fffe3487000 	C:\WINDOWS\System32\bcrypt.dll
0x00007fffe32b0000 - 0x00007fffe32fb000 	C:\WINDOWS\SYSTEM32\POWRPROF.dll
0x00007fffdb960000 - 0x00007fffdb969000 	C:\WINDOWS\SYSTEM32\WSOCK32.dll
0x00007fffe5ad0000 - 0x00007fffe5b3b000 	C:\WINDOWS\System32\WS2_32.dll
0x00007fffdb450000 - 0x00007fffdb477000 	C:\WINDOWS\SYSTEM32\WINMM.dll
0x00007fffdb360000 - 0x00007fffdb36a000 	C:\WINDOWS\SYSTEM32\VERSION.dll
0x00007fffe3290000 - 0x00007fffe32a2000 	C:\WINDOWS\SYSTEM32\UMPDC.dll
0x00007fffe1200000 - 0x00007fffe1212000 	C:\WINDOWS\SYSTEM32\kernel.appcore.dll
0x00007fffdb210000 - 0x00007fffdb21a000 	c:\Users\Admin\.vscode\extensions\redhat.java-1.32.0-win32-x64\jre\17.0.11-win32-x86_64\bin\jimage.dll
0x00007fffdcdd0000 - 0x00007fffdcfb4000 	C:\WINDOWS\SYSTEM32\DBGHELP.DLL
0x00007fffdcc80000 - 0x00007fffdccb4000 	C:\WINDOWS\SYSTEM32\dbgcore.DLL
0x00007fffe3ce0000 - 0x00007fffe3d62000 	C:\WINDOWS\System32\bcryptPrimitives.dll
0x00007fffda0d0000 - 0x00007fffda0de000 	c:\Users\Admin\.vscode\extensions\redhat.java-1.32.0-win32-x64\jre\17.0.11-win32-x86_64\bin\instrument.dll
0x00007fffc7f50000 - 0x00007fffc7f75000 	c:\Users\Admin\.vscode\extensions\redhat.java-1.32.0-win32-x64\jre\17.0.11-win32-x86_64\bin\java.dll
0x00007fffd6050000 - 0x00007fffd6068000 	c:\Users\Admin\.vscode\extensions\redhat.java-1.32.0-win32-x64\jre\17.0.11-win32-x86_64\bin\zip.dll
0x00007fffe4560000 - 0x00007fffe4ccc000 	C:\WINDOWS\System32\SHELL32.dll
0x00007fffe14e0000 - 0x00007fffe1c7d000 	C:\WINDOWS\SYSTEM32\windows.storage.dll
0x00007fffe5140000 - 0x00007fffe5493000 	C:\WINDOWS\System32\combase.dll
0x00007fffe2e10000 - 0x00007fffe2e3e000 	C:\WINDOWS\SYSTEM32\Wldp.dll
0x00007fffe5070000 - 0x00007fffe513d000 	C:\WINDOWS\System32\OLEAUT32.dll
0x00007fffe57b0000 - 0x00007fffe585d000 	C:\WINDOWS\System32\SHCORE.dll
0x00007fffe54a0000 - 0x00007fffe54f5000 	C:\WINDOWS\System32\shlwapi.dll
0x00007fffe3390000 - 0x00007fffe33b4000 	C:\WINDOWS\SYSTEM32\profapi.dll
0x00007fffc5ed0000 - 0x00007fffc5ee9000 	C:\Users\Admin\.vscode\extensions\redhat.java-1.32.0-win32-x64\jre\17.0.11-win32-x86_64\bin\net.dll
0x00007fffdc750000 - 0x00007fffdc85a000 	C:\WINDOWS\SYSTEM32\WINHTTP.dll
0x00007fffe2b70000 - 0x00007fffe2bda000 	C:\WINDOWS\system32\mswsock.dll
0x00007fffc5d70000 - 0x00007fffc5d86000 	C:\Users\Admin\.vscode\extensions\redhat.java-1.32.0-win32-x64\jre\17.0.11-win32-x86_64\bin\nio.dll
0x00007fffd9f60000 - 0x00007fffd9f70000 	c:\Users\Admin\.vscode\extensions\redhat.java-1.32.0-win32-x64\jre\17.0.11-win32-x86_64\bin\verify.dll
0x00007fffb3020000 - 0x00007fffb3064000 	C:\Users\Admin\AppData\Roaming\Code\User\globalStorage\redhat.java\1.32.0\config_ss_win\org.eclipse.equinox.launcher\org.eclipse.equinox.launcher.win32.win32.x86_64_1.2.1100.v20240613-2013\eclipse_11903.dll
0x00007fffe5860000 - 0x00007fffe598b000 	C:\WINDOWS\System32\ole32.dll

dbghelp: loaded successfully - version: 4.0.5 - missing functions: none
symbol engine: initialized successfully - sym options: 0x614 - pdb path: .;c:\Users\Admin\.vscode\extensions\redhat.java-1.32.0-win32-x64\jre\17.0.11-win32-x86_64\bin;C:\WINDOWS\SYSTEM32;C:\WINDOWS\WinSxS\amd64_microsoft.windows.common-controls_6595b64144ccf1df_6.0.19041.4355_none_60b8b9eb71f62e16;c:\Users\Admin\.vscode\extensions\redhat.java-1.32.0-win32-x64\jre\17.0.11-win32-x86_64\bin\server;C:\Users\Admin\AppData\Roaming\Code\User\globalStorage\redhat.java\1.32.0\config_ss_win\org.eclipse.equinox.launcher\org.eclipse.equinox.launcher.win32.win32.x86_64_1.2.1100.v20240613-2013

VM Arguments:
jvm_args: --add-modules=ALL-SYSTEM --add-opens=java.base/java.util=ALL-UNNAMED --add-opens=java.base/java.lang=ALL-UNNAMED --add-opens=java.base/sun.nio.fs=ALL-UNNAMED -Declipse.application=org.eclipse.jdt.ls.core.id1 -Dosgi.bundles.defaultStartLevel=4 -Declipse.product=org.eclipse.jdt.ls.core.product -Djava.import.generatesMetadataFilesAtProjectRoot=false -DDetectVMInstallationsJob.disabled=true -Dfile.encoding=utf8 -XX:+UseParallelGC -XX:GCTimeRatio=4 -XX:AdaptiveSizePolicyWeight=90 -Dsun.zip.disableMemoryMapping=true -Xmx1G -Xms100m -Xlog:disable -javaagent:c:\Users\Admin\.vscode\extensions\redhat.java-1.32.0-win32-x64\lombok\lombok-1.18.33.jar 
java_command: c:\Users\Admin\.vscode\extensions\redhat.java-1.32.0-win32-x64\server\plugins\org.eclipse.equinox.launcher_1.6.900.v20240613-2009.jar -configuration c:\Users\Admin\AppData\Roaming\Code\User\globalStorage\redhat.java\1.32.0\config_ss_win -data c:\Users\Admin\AppData\Roaming\Code\User\workspaceStorage\7248878d6e02e564ab3fd167a2c9b091\redhat.java\ss_ws --pipe=\\.\pipe\lsp-b0b44bea5b2ebeefaacdeddb99383b94-sock
java_class_path (initial): c:\Users\Admin\.vscode\extensions\redhat.java-1.32.0-win32-x64\server\plugins\org.eclipse.equinox.launcher_1.6.900.v20240613-2009.jar
Launcher Type: SUN_STANDARD

[Global flags]
    uintx AdaptiveSizePolicyWeight                 = 90                                        {product} {command line}
     intx CICompilerCount                          = 3                                         {product} {ergonomic}
    uintx GCTimeRatio                              = 4                                         {product} {command line}
   size_t InitialHeapSize                          = 104857600                                 {product} {command line}
   size_t MaxHeapSize                              = 1073741824                                {product} {command line}
   size_t MaxNewSize                               = 357564416                                 {product} {ergonomic}
   size_t MinHeapDeltaBytes                        = 524288                                    {product} {ergonomic}
   size_t MinHeapSize                              = 104857600                                 {product} {command line}
   size_t NewSize                                  = 34603008                                  {product} {ergonomic}
    uintx NonNMethodCodeHeapSize                   = 5832780                                {pd product} {ergonomic}
    uintx NonProfiledCodeHeapSize                  = 122912730                              {pd product} {ergonomic}
   size_t OldSize                                  = 70254592                                  {product} {ergonomic}
    uintx ProfiledCodeHeapSize                     = 122912730                              {pd product} {ergonomic}
    uintx ReservedCodeCacheSize                    = 251658240                              {pd product} {ergonomic}
     bool SegmentedCodeCache                       = true                                      {product} {ergonomic}
   size_t SoftMaxHeapSize                          = 1073741824                             {manageable} {ergonomic}
     bool UseCompressedClassPointers               = true                           {product lp64_product} {ergonomic}
     bool UseCompressedOops                        = true                           {product lp64_product} {ergonomic}
     bool UseLargePagesIndividualAllocation        = false                                  {pd product} {ergonomic}
     bool UseParallelGC                            = true                                      {product} {command line}

Logging:
Log output configuration:
 #0: stdout all=off uptime,level,tags
 #1: stderr all=off uptime,level,tags

Environment Variables:
PATH=C:\Program Files\Common Files\Oracle\Java\javapath;C:\WINDOWS\system32;C:\WINDOWS;C:\WINDOWS\System32\Wbem;C:\WINDOWS\System32\WindowsPowerShell\v1.0\;C:\WINDOWS\System32\OpenSSH\;C:\Program Files\Git\cmd;C:\Program Files\Git\mingw64\bin;C:\Program Files\Git\usr\bin;C:\Program Files\nodejs\;C:\Users\Admin\anaconda3\Scripts;C:\Users\Admin\anaconda3\Library\bin;C:\msys64\mingw64\bin;C:\Program Files\MySQL\MySQL Server 8.0\bin;C:\Program Files\JetBrains\IntelliJ IDEA Community Edition 2024.1.4\bin;C:\Program Files\MySQL\MySQL Shell 8.0\bin\;C:\Users\Admin\AppData\Local\Programs\Python\Python312\Scripts\;C:\Users\Admin\AppData\Local\Programs\Python\Python312\;C:\Users\Admin\.console-ninja\.bin;C:\Program Files\aircrack-ng-1.7-win\bin;C:\Users\Admin\AppData\Local\Programs\Microsoft VS Code\bin;C:\Users\Admin\AppData\Roaming\npm;C:\Program Files\JetBrains\PyCharm Community Edition 2024.1.3\bin;;;C:\Program Files\JetBrains\IntelliJ IDEA Community Edition 2024.1.4\bin;
USERNAME=Admin
OS=Windows_NT
PROCESSOR_IDENTIFIER=Intel64 Family 6 Model 61 Stepping 4, GenuineIntel
TMP=C:\Users\Admin\AppData\Local\Temp
TEMP=C:\Users\Admin\AppData\Local\Temp



Periodic native trim disabled


---------------  S Y S T E M  ---------------

OS:
 Windows 10 , 64 bit Build 19041 (10.0.19041.4597)
OS uptime: 0 days 19:26 hours

CPU: total 4 (initial active 4) (2 cores per cpu, 2 threads per core) family 6 model 61 stepping 4 microcode 0x2d, cx8, cmov, fxsr, ht, mmx, 3dnowpref, sse, sse2, sse3, ssse3, sse4.1, sse4.2, popcnt, lzcnt, tsc, tscinvbit, avx, avx2, aes, erms, clmul, bmi1, bmi2, rtm, adx, fma, vzeroupper, clflush
Processor Information for all 4 processors :
  Max Mhz: 2301, Current Mhz: 2300, Mhz Limit: 2277

Memory: 4k page, system-wide physical 8067M (1208M free)
TotalPageFile size 8067M (AvailPageFile size 32M)
current process WorkingSet (physical memory assigned to process): 145M, peak: 145M
current process commit charge ("private bytes"): 242M, peak: 242M

vm_info: OpenJDK 64-Bit Server VM (17.0.11+9) for windows-amd64 JRE (17.0.11+9), built on Apr 17 2024 06:07:48 by "admin" with MS VC++ 16.10 / 16.11 (VS2019)

END.
